<?xml version="1.0" encoding="UTF-8"?>
<coverage generated="1608244142576" clover="3.2.0">
  <project timestamp="1608244142576" name="All files">
    <metrics statements="17" coveredstatements="17" conditionals="9" coveredconditionals="9" methods="5" coveredmethods="5" elements="31" coveredelements="31" complexity="0" loc="17" ncloc="17" packages="1" files="1" classes="1"/>
    <file name="hash-table.js" path="/Users/taylor/Desktop/hashTables/src/hash-table.js">
      <metrics statements="17" coveredstatements="17" conditionals="9" coveredconditionals="9" methods="5" coveredmethods="5"/>
      <line num="6" count="8" type="stmt"/>
      <line num="10" count="13" type="stmt"/>
      <line num="13" count="6" type="stmt"/>
      <line num="14" count="6" type="cond" truecount="2" falsecount="0"/>
      <line num="15" count="4" type="stmt"/>
      <line num="17" count="6" type="stmt"/>
      <line num="20" count="5" type="stmt"/>
      <line num="21" count="5" type="stmt"/>
      <line num="22" count="5" type="cond" truecount="2" falsecount="0"/>
      <line num="23" count="4" type="stmt"/>
      <line num="24" count="4" type="cond" truecount="2" falsecount="0"/>
      <line num="25" count="2" type="cond" truecount="2" falsecount="0"/>
      <line num="26" count="1" type="stmt"/>
      <line num="27" count="1" type="stmt"/>
      <line num="29" count="1" type="stmt"/>
      <line num="33" count="3" type="stmt"/>
      <line num="37" count="1" type="stmt"/>
    </file>
  </project>
</coverage>
