{"/Users/taylor/Desktop/hashTables/src/hash-table.js": {"path":"/Users/taylor/Desktop/hashTables/src/hash-table.js","statementMap":{"0":{"start":{"line":6,"column":4},"end":{"line":6,"column":20}},"1":{"start":{"line":10,"column":4},"end":{"line":10,"column":58}},"2":{"start":{"line":13,"column":18},"end":{"line":13,"column":32}},"3":{"start":{"line":14,"column":4},"end":{"line":16,"column":5}},"4":{"start":{"line":15,"column":6},"end":{"line":15,"column":28}},"5":{"start":{"line":17,"column":4},"end":{"line":17,"column":41}},"6":{"start":{"line":20,"column":18},"end":{"line":20,"column":32}},"7":{"start":{"line":21,"column":19},"end":{"line":21,"column":36}},"8":{"start":{"line":22,"column":4},"end":{"line":28,"column":3}},"9":{"start":{"line":23,"column":4},"end":{"line":27,"column":5}},"10":{"start":{"line":23,"column":17},"end":{"line":23,"column":18}},"11":{"start":{"line":24,"column":6},"end":{"line":26,"column":7}},"12":{"start":{"line":25,"column":8},"end":{"line":25,"column":28}},"13":{"start":{"line":29,"column":2},"end":{"line":29,"column":14}}},"fnMap":{"0":{"name":"(anonymous_0)","decl":{"start":{"line":5,"column":2},"end":{"line":5,"column":3}},"loc":{"start":{"line":5,"column":16},"end":{"line":7,"column":3}},"line":5},"1":{"name":"(anonymous_1)","decl":{"start":{"line":9,"column":2},"end":{"line":9,"column":3}},"loc":{"start":{"line":9,"column":12},"end":{"line":11,"column":3}},"line":9},"2":{"name":"(anonymous_2)","decl":{"start":{"line":12,"column":2},"end":{"line":12,"column":3}},"loc":{"start":{"line":12,"column":18},"end":{"line":18,"column":3}},"line":12},"3":{"name":"(anonymous_3)","decl":{"start":{"line":19,"column":2},"end":{"line":19,"column":3}},"loc":{"start":{"line":19,"column":11},"end":{"line":30,"column":1}},"line":19}},"branchMap":{"0":{"loc":{"start":{"line":14,"column":4},"end":{"line":16,"column":5}},"type":"if","locations":[{"start":{"line":14,"column":4},"end":{"line":16,"column":5}},{"start":{"line":14,"column":4},"end":{"line":16,"column":5}}],"line":14},"1":{"loc":{"start":{"line":22,"column":4},"end":{"line":28,"column":3}},"type":"if","locations":[{"start":{"line":22,"column":4},"end":{"line":28,"column":3}},{"start":{"line":22,"column":4},"end":{"line":28,"column":3}}],"line":22},"2":{"loc":{"start":{"line":24,"column":6},"end":{"line":26,"column":7}},"type":"if","locations":[{"start":{"line":24,"column":6},"end":{"line":26,"column":7}},{"start":{"line":24,"column":6},"end":{"line":26,"column":7}}],"line":24}},"s":{"0":7,"1":10,"2":5,"3":5,"4":3,"5":5,"6":3,"7":3,"8":3,"9":2,"10":2,"11":3,"12":1,"13":2},"f":{"0":7,"1":10,"2":5,"3":3},"b":{"0":[3,2],"1":[2,1],"2":[1,2]},"_coverageSchema":"43e27e138ebf9cfc5966b082cf9a028302ed4184","hash":"2819f3c2daccc509e9109aa686f66b67c45a793e"}
}
