TN:
SF:/Users/taylor/Desktop/hashTables/src/hash-table.js
FN:5,(anonymous_0)
FN:9,(anonymous_1)
FN:12,(anonymous_2)
FN:19,(anonymous_3)
FN:36,(anonymous_4)
FNF:5
FNH:5
FNDA:8,(anonymous_0)
FNDA:13,(anonymous_1)
FNDA:6,(anonymous_2)
FNDA:5,(anonymous_3)
FNDA:1,(anonymous_4)
DA:6,8
DA:10,13
DA:13,6
DA:14,6
DA:15,4
DA:17,6
DA:20,5
DA:21,5
DA:22,5
DA:23,4
DA:24,4
DA:25,2
DA:26,1
DA:27,1
DA:29,1
DA:33,3
DA:37,1
LF:17
LH:17
BRDA:14,0,0,4
BRDA:14,0,1,2
BRDA:19,1,0,4
BRDA:22,2,0,4
BRDA:22,2,1,1
BRDA:24,3,0,2
BRDA:24,3,1,2
BRDA:25,4,0,1
BRDA:25,4,1,1
BRF:9
BRH:9
end_of_record
